<?xml version="1.0" encoding="UTF-8"?>
<testsuite xmlns:xsi="http://www.w3.org/2001/XMLSchema-instance" xsi:noNamespaceSchemaLocation="https://maven.apache.org/surefire/maven-surefire-plugin/xsd/surefire-test-report-3.0.xsd" version="3.0" name="cucumber.Options.TestRunner" time="13.659" tests="1" errors="0" skipped="0" failures="0">
  <properties>
[...]
</properties>
  <testcase name="Verify if Place is being successfully added using AddPlaceAPI" classname="validating Place Api&apos;s" time="11.784">
    <system-out><![CDATA[/maps/api/place/add/json
Request method:	POST
Request URI:	https://rahulshettyacademy.com/maps/api/place/add/json?key=qaclick123
Proxy:			<none>
Request params:	<none>
Query params:	key=qaclick123
Form params:	<none>
Path params:	<none>
Headers:		Accept=*/*
				Content-Type=application/json
Cookies:		<none>
Multiparts:		<none>
Body:
{
    "accuracy": 50,
    "types": [
        "shoe park",
        "shop"
    ],
    "name": "Sangeeta",
    "phone_number": "(+91) 983 893 3937",
    "address": "Rochfortbridge",
    "website": "http://google.com",
    "language": "English",
    "location": {
        "lat": -38.383494,
        "lng": 33.427362
    }
}
Value of:reference-39eca12e92f1a9a702312bf5e046004739eca12e92f1a9a702312bf5e0460047
Value of:id-39eca12e92f1a9a702312bf5e0460047
Value of:place_id-f8748ff7747d6553e1fdeb2108f4dc98
/maps/api/place/get/json
]]></system-out>
  </testcase>
</testsuite>